<?xml version="1.0" encoding="UTF-8"?>
<!-- Generated by org.testng.reporters.JUnitReportReporter -->
<testsuite skipped="0" hostname="Sagar-Deo" name="com.maven.project.GetTitleTest" tests="1" failures="0" timestamp="27 May 2019 09:44:29 GMT" time="48.056" errors="0">
  <testcase name="GetTitleTest" time="48.056" classname="com.maven.project.GetTitleTest"/>
</testsuite> <!-- com.maven.project.GetTitleTest -->
