<?xml version="1.0" encoding="UTF-8"?>
<!-- Generated by org.testng.reporters.JUnitReportReporter -->
<testsuite skipped="0" hostname="Sagar-Deo" name="com.maven.project.LoginTest" tests="1" failures="0" timestamp="27 May 2019 09:44:28 GMT" time="89.246" errors="0">
  <testcase name="LoginTest" time="89.246" classname="com.maven.project.LoginTest"/>
</testsuite> <!-- com.maven.project.LoginTest -->
